0 info it worked if it ends with ok
1 verbose cli [ '/usr/bin/node',
1 verbose cli   '/home/ldiamond/.npm-packages/bin/npm',
1 verbose cli   'publish' ]
2 info using npm@3.9.3
3 info using node@v6.9.1
4 verbose publish [ '.' ]
5 silly cache add args [ '.', null ]
6 verbose cache add spec .
7 silly cache add parsed spec Result {
7 silly cache add   raw: '.',
7 silly cache add   scope: null,
7 silly cache add   name: null,
7 silly cache add   rawSpec: '.',
7 silly cache add   spec: '/home/ldiamond/dev/proj/tmpljs',
7 silly cache add   type: 'directory' }
8 verbose addLocalDirectory /home/ldiamond/.npm/tmpljs/0.0.1/package.tgz not in flight; packing
9 verbose correctMkdir /home/ldiamond/.npm correctMkdir not in flight; initializing
10 info lifecycle tmpljs@0.0.1~prepublish: tmpljs@0.0.1
11 silly lifecycle tmpljs@0.0.1~prepublish: no script for prepublish, continuing
12 verbose tar pack [ '/home/ldiamond/.npm/tmpljs/0.0.1/package.tgz',
12 verbose tar pack   '/home/ldiamond/dev/proj/tmpljs' ]
13 verbose tarball /home/ldiamond/.npm/tmpljs/0.0.1/package.tgz
14 verbose folder /home/ldiamond/dev/proj/tmpljs
15 verbose addLocalTarball adding from inside cache /home/ldiamond/.npm/tmpljs/0.0.1/package.tgz
16 verbose correctMkdir /home/ldiamond/.npm correctMkdir not in flight; initializing
17 silly cache afterAdd tmpljs@0.0.1
18 verbose afterAdd /home/ldiamond/.npm/tmpljs/0.0.1/package/package.json not in flight; writing
19 verbose correctMkdir /home/ldiamond/.npm correctMkdir not in flight; initializing
20 verbose afterAdd /home/ldiamond/.npm/tmpljs/0.0.1/package/package.json written
21 silly publish { name: 'tmpljs',
21 silly publish   version: '0.0.1',
21 silly publish   description: 'A collection of template literal handlers',
21 silly publish   main: 'index.js',
21 silly publish   scripts: { test: 'echo "Error: no test specified" && exit 1' },
21 silly publish   repository:
21 silly publish    { type: 'git',
21 silly publish      url: 'git+https://github.com/lewisdiamond/tmpljs.git' },
21 silly publish   author: { name: 'Lewis Diamond', email: 'lewis@chopchop.menu' },
21 silly publish   license: 'MIT',
21 silly publish   readme: '# tmpljs\n\n## Log\nThe problem:\n```\n> console.log(`Some data: ${{\'a\':\'a\'}}`)\nSome data: [object Object]\n```\nThe solution:\n```\n> const log = require(\'tmpljs/log\')\n\n> console.log(log`Data to be printed \\n${{a:\'b\', c: {\'deep\':\'obj\'}, d: [\'Array\',\'of\', {\'obj\':\'ects\'}]}}`)\nData to be printed\n{\n  "a": "b",\n  "c": {\n    "deep": "obj"\n  },\n  "d": [\n    "Array",\n    "of",\n    {\n      "obj": "ects"\n    }\n  ]\n}\n```\n\n## Install via npm\n`npm install tmpljs`\n',
21 silly publish   readmeFilename: 'README.md',
21 silly publish   gitHead: '6d3a4fde37db722576913a48c9b9369e2d292fba',
21 silly publish   bugs: { url: 'https://github.com/lewisdiamond/tmpljs/issues' },
21 silly publish   homepage: 'https://github.com/lewisdiamond/tmpljs#readme',
21 silly publish   _id: 'tmpljs@0.0.1',
21 silly publish   _shasum: 'f30effbb761077f549cd53d3e298871b97cb882f',
21 silly publish   _from: '.' }
22 verbose getPublishConfig undefined
23 silly mapToRegistry name tmpljs
24 silly mapToRegistry using default registry
25 silly mapToRegistry registry https://registry.npmjs.org/
26 silly mapToRegistry data Result {
26 silly mapToRegistry   raw: 'tmpljs',
26 silly mapToRegistry   scope: null,
26 silly mapToRegistry   name: 'tmpljs',
26 silly mapToRegistry   rawSpec: '',
26 silly mapToRegistry   spec: 'latest',
26 silly mapToRegistry   type: 'tag' }
27 silly mapToRegistry uri https://registry.npmjs.org/tmpljs
28 verbose publish registryBase https://registry.npmjs.org/
29 silly publish uploading /home/ldiamond/.npm/tmpljs/0.0.1/package.tgz
30 verbose request uri https://registry.npmjs.org/tmpljs
31 verbose request sending authorization for write operation
32 info attempt registry request try #1 at 3:39:43 PM
33 verbose request using bearer token for auth
34 verbose request id 4b49d9aa61375387
35 http request PUT https://registry.npmjs.org/tmpljs
36 http 403 https://registry.npmjs.org/tmpljs
37 verbose headers { 'content-type': 'application/json',
37 verbose headers   'cache-control': 'max-age=300',
37 verbose headers   'content-length': '95',
37 verbose headers   'accept-ranges': 'bytes',
37 verbose headers   date: 'Mon, 07 Nov 2016 20:39:43 GMT',
37 verbose headers   via: '1.1 varnish',
37 verbose headers   connection: 'keep-alive',
37 verbose headers   'x-served-by': 'cache-jfk8120-JFK',
37 verbose headers   'x-cache': 'MISS',
37 verbose headers   'x-cache-hits': '0',
37 verbose headers   'x-timer': 'S1478551183.398698,VS0,VE522',
37 verbose headers   vary: 'Accept-Encoding' }
38 verbose request invalidating /home/ldiamond/.npm/registry.npmjs.org/tmpljs on PUT
39 error publish Failed PUT 403
40 verbose stack Error: "You cannot publish over the previously published version 0.0.1." : tmpljs
40 verbose stack     at makeError (/home/ldiamond/.npm-packages/lib/node_modules/npm/node_modules/npm-registry-client/lib/request.js:264:12)
40 verbose stack     at CachingRegistryClient.<anonymous> (/home/ldiamond/.npm-packages/lib/node_modules/npm/node_modules/npm-registry-client/lib/request.js:252:14)
40 verbose stack     at Request._callback (/home/ldiamond/.npm-packages/lib/node_modules/npm/node_modules/npm-registry-client/lib/request.js:172:14)
40 verbose stack     at Request.self.callback (/home/ldiamond/.npm-packages/lib/node_modules/npm/node_modules/request/request.js:200:22)
40 verbose stack     at emitTwo (events.js:106:13)
40 verbose stack     at Request.emit (events.js:191:7)
40 verbose stack     at Request.<anonymous> (/home/ldiamond/.npm-packages/lib/node_modules/npm/node_modules/request/request.js:1067:10)
40 verbose stack     at emitOne (events.js:101:20)
40 verbose stack     at Request.emit (events.js:188:7)
40 verbose stack     at IncomingMessage.<anonymous> (/home/ldiamond/.npm-packages/lib/node_modules/npm/node_modules/request/request.js:988:12)
41 verbose statusCode 403
42 verbose pkgid tmpljs
43 verbose cwd /home/ldiamond/dev/proj/tmpljs
44 error Linux 4.8.2-1-ARCH
45 error argv "/usr/bin/node" "/home/ldiamond/.npm-packages/bin/npm" "publish"
46 error node v6.9.1
47 error npm  v3.9.3
48 error code E403
49 error "You cannot publish over the previously published version 0.0.1." : tmpljs
50 error If you need help, you may report this error at:
50 error     <https://github.com/npm/npm/issues>
51 verbose exit [ 1, true ]
